<?xml version="1.0" encoding="UTF-8"?>
<robot generator="Robot 7.0.1 (Python 3.12.4 on win32)" generated="2024-08-24T11:44:00.267516" rpa="false" schemaversion="5">
<suite id="s1" name="Account" source="c:\Projects\YahooProjectDemo\Tests\Account.robot">
<test id="s1-t1" name="QAA-001 Create Yahoo Account" line="11">
<kw name="Open Browser" owner="SeleniumLibrary" type="SETUP">
<msg time="2024-08-24T11:44:00.688082" level="INFO">Opening browser 'chrome' to base url 'https://finance.yahoo.com/'.</msg>
<msg time="2024-08-24T11:44:01.536577" level="WARN">The chromedriver version (126.0.6478.55) detected in PATH at C:\Users\new\AppData\Roaming\Microsoft\Windows\Start Menu\Programs\Python 3.12\chromedriver.exe might not be compatible with the detected chrome version (127.0.6533.122); currently, chromedriver 127.0.6533.119 is recommended for chrome 127.*, so it is advised to delete the driver in PATH and retry</msg>
<arg>${url}</arg>
<arg>${Browser}</arg>
<doc>Opens a new browser instance to the optional ``url``.</doc>
<status status="PASS" start="2024-08-24T11:44:00.687084" elapsed="8.505464"/>
</kw>
<kw name="Maximize Browser Window" owner="SeleniumLibrary">
<doc>Maximizes current browser window.</doc>
<status status="PASS" start="2024-08-24T11:44:09.198968" elapsed="0.388138"/>
</kw>
<kw name="Validate Home page" owner="Account">
<kw name="Page Should Contain" owner="SeleniumLibrary">
<msg time="2024-08-24T11:44:11.191661" level="INFO">Current page contains text 'Yahoo Finance'.</msg>
<arg>Yahoo Finance</arg>
<doc>Verifies that current page contains ``text``.</doc>
<status status="PASS" start="2024-08-24T11:44:09.597532" elapsed="1.595128"/>
</kw>
<doc>validate the home page</doc>
<status status="PASS" start="2024-08-24T11:44:09.597532" elapsed="1.595128"/>
</kw>
<kw name="Sign In To Yahoo Account" owner="Account">
<kw name="Wait Until Element Is Enabled" owner="SeleniumLibrary">
<arg>${SIGNIN}[BTN_SIGN_IN]</arg>
<doc>Waits until the element ``locator`` is enabled.</doc>
<status status="PASS" start="2024-08-24T11:44:11.219085" elapsed="0.392275"/>
</kw>
<kw name="Click Element" owner="SeleniumLibrary">
<msg time="2024-08-24T11:44:11.613355" level="INFO">Clicking element '//*[contains(text(),'Sign in')]'.</msg>
<arg>${SIGNIN}[BTN_SIGN_IN]</arg>
<doc>Click the element identified by ``locator``.</doc>
<status status="PASS" start="2024-08-24T11:44:11.612359" elapsed="2.437259"/>
</kw>
<doc>keyword to sign in yahoo account</doc>
<status status="PASS" start="2024-08-24T11:44:11.216761" elapsed="2.833856"/>
</kw>
<kw name="Click On Create Account" owner="Account">
<kw name="Wait Until Element Is Enabled" owner="SeleniumLibrary">
<arg>${ACCOUNT}[BTN_CREATE_ACCOUNT]</arg>
<doc>Waits until the element ``locator`` is enabled.</doc>
<status status="PASS" start="2024-08-24T11:44:14.056286" elapsed="0.084169"/>
</kw>
<kw name="Click Element" owner="SeleniumLibrary">
<msg time="2024-08-24T11:44:14.141443" level="INFO">Clicking element '//*[@id='createacc']'.</msg>
<arg>${ACCOUNT}[BTN_CREATE_ACCOUNT]</arg>
<doc>Click the element identified by ``locator``.</doc>
<status status="PASS" start="2024-08-24T11:44:14.140455" elapsed="0.698255"/>
</kw>
<doc>keyword to create yahoo account</doc>
<status status="PASS" start="2024-08-24T11:44:14.054102" elapsed="0.785604"/>
</kw>
<kw name="Account Details Should Be Provided" owner="Account">
<kw name="Wait Until Element Is Visible" owner="SeleniumLibrary">
<arg>${ACCOUNT}[TXT_FIRST_NAME]</arg>
<doc>Waits until the element ``locator`` is visible.</doc>
<status status="PASS" start="2024-08-24T11:44:14.853649" elapsed="0.130951"/>
</kw>
<kw name="Click Element" owner="SeleniumLibrary">
<msg time="2024-08-24T11:44:14.984600" level="INFO">Clicking element '//*[@id='usernamereg-firstName']'.</msg>
<arg>${ACCOUNT}[TXT_FIRST_NAME]</arg>
<doc>Click the element identified by ``locator``.</doc>
<status status="PASS" start="2024-08-24T11:44:14.984600" elapsed="0.101354"/>
</kw>
<kw name="Input Text" owner="SeleniumLibrary">
<msg time="2024-08-24T11:44:15.088297" level="INFO">Typing text 'Jenni' into text field '//*[@id='usernamereg-firstName']'.</msg>
<arg>${ACCOUNT}[TXT_FIRST_NAME]</arg>
<arg>Jenni</arg>
<doc>Types the given ``text`` into the text field identified by ``locator``.</doc>
<status status="PASS" start="2024-08-24T11:44:15.087215" elapsed="0.144307"/>
</kw>
<kw name="Input Text" owner="SeleniumLibrary">
<msg time="2024-08-24T11:44:15.232758" level="INFO">Typing text 'Marlin' into text field '//*[@id='usernamereg-lastName']'.</msg>
<arg>${ACCOUNT}[TXT_LAST_NAME]</arg>
<arg>Marlin</arg>
<doc>Types the given ``text`` into the text field identified by ``locator``.</doc>
<status status="PASS" start="2024-08-24T11:44:15.231522" elapsed="0.162587"/>
</kw>
<kw name="Input Text" owner="SeleniumLibrary">
<msg time="2024-08-24T11:44:15.396113" level="INFO">Typing text 'marlinjenni' into text field '//*[@name='userId']'.</msg>
<arg>${ACCOUNT}[TXT_USER_ID]</arg>
<arg>marlinjenni</arg>
<doc>Types the given ``text`` into the text field identified by ``locator``.</doc>
<status status="PASS" start="2024-08-24T11:44:15.395113" elapsed="0.178389"/>
</kw>
<kw name="Input Password" owner="SeleniumLibrary">
<msg time="2024-08-24T11:44:15.574500" level="INFO">Typing password into text field '//*[@id='usernamereg-password']'.</msg>
<msg time="2024-08-24T11:44:15.648705" level="INFO">Temporally setting log level to: NONE</msg>
<arg>${ACCOUNT}[TXT_PASSWORD]</arg>
<arg>jenniMAR@1234576</arg>
<doc>Types the given password into the text field identified by ``locator``.</doc>
<status status="PASS" start="2024-08-24T11:44:15.574500" elapsed="0.211819"/>
</kw>
<kw name="Select From List By Label" owner="SeleniumLibrary">
<msg time="2024-08-24T11:44:15.788168" level="INFO">Selecting options from selection list '//*[@id='usernamereg-month']' by label April.</msg>
<arg>${ACCOUNT}[LST_MONTH]</arg>
<arg>April</arg>
<doc>Selects options from selection list ``locator`` by ``labels``.</doc>
<status status="PASS" start="2024-08-24T11:44:15.787169" elapsed="0.176851"/>
</kw>
<kw name="Input Text" owner="SeleniumLibrary">
<msg time="2024-08-24T11:44:15.965017" level="INFO">Typing text '12' into text field '//*[@id='usernamereg-day']'.</msg>
<arg>${ACCOUNT}[TXT_DATE]</arg>
<arg>12</arg>
<doc>Types the given ``text`` into the text field identified by ``locator``.</doc>
<status status="PASS" start="2024-08-24T11:44:15.965017" elapsed="0.138842"/>
</kw>
<kw name="Input Text" owner="SeleniumLibrary">
<msg time="2024-08-24T11:44:16.104859" level="INFO">Typing text '1997' into text field '//*[@id='usernamereg-year']'.</msg>
<arg>${ACCOUNT}[TXT_YEAR]</arg>
<arg>1997</arg>
<doc>Types the given ``text`` into the text field identified by ``locator``.</doc>
<status status="PASS" start="2024-08-24T11:44:16.104859" elapsed="0.152959"/>
</kw>
<kw name="Click Button" owner="SeleniumLibrary">
<msg time="2024-08-24T11:44:16.258818" level="INFO">Clicking button '//*[text()='Next']'.</msg>
<arg>${ACCOUNT}[BTN_NEXT]</arg>
<doc>Clicks the button identified by ``locator``.</doc>
<status status="PASS" start="2024-08-24T11:44:16.258818" elapsed="1.715836"/>
</kw>
<doc>Keyword to provide details</doc>
<status status="PASS" start="2024-08-24T11:44:14.853649" elapsed="3.121005"/>
</kw>
<kw name="Phone Verification Details Should Be validated" owner="Account">
<kw name="Run Keyword And Return Status" owner="BuiltIn">
<kw name="Element Should Be Visible" owner="SeleniumLibrary">
<msg time="2024-08-24T11:44:18.080002" level="INFO">Element '//*[@id='usernamereg-phone']' is displayed.</msg>
<arg>${PHONE}[TXT_PHONE_NO]</arg>
<doc>Verifies that the element identified by ``locator`` is visible.</doc>
<status status="PASS" start="2024-08-24T11:44:17.984319" elapsed="0.096681"/>
</kw>
<msg time="2024-08-24T11:44:18.081000" level="INFO">${element_present} = True</msg>
<var>${element_present}</var>
<arg>Element Should Be Visible</arg>
<arg>${PHONE}[TXT_PHONE_NO]</arg>
<doc>Runs the given keyword with given arguments and returns the status as a Boolean value.</doc>
<status status="PASS" start="2024-08-24T11:44:17.983321" elapsed="0.097679"/>
</kw>
<kw name="Log To Console" owner="BuiltIn">
<arg>Element present status: ${element_present}</arg>
<doc>Logs the given message to the console.</doc>
<status status="PASS" start="2024-08-24T11:44:18.081000" elapsed="0.000997"/>
</kw>
<kw name="Run Keyword If" owner="BuiltIn">
<kw name="Log To Console" owner="BuiltIn">
<arg>Need to provide OTP,Security reasons stopping the test.</arg>
<doc>Logs the given message to the console.</doc>
<status status="PASS" start="2024-08-24T11:44:18.081997" elapsed="0.000000"/>
</kw>
<arg>'${element_present}' == 'True'</arg>
<arg>Log To Console</arg>
<arg>Need to provide OTP,Security reasons stopping the test.</arg>
<doc>Runs the given keyword with the given arguments, if ``condition`` is true.</doc>
<status status="PASS" start="2024-08-24T11:44:18.081997" elapsed="0.000000"/>
</kw>
<doc>keyword to validate phone verification details</doc>
<status status="PASS" start="2024-08-24T11:44:17.982379" elapsed="0.099618"/>
</kw>
<kw name="Close Browser" owner="SeleniumLibrary" type="TEARDOWN">
<doc>Closes the current browser.</doc>
<status status="PASS" start="2024-08-24T11:44:18.081997" elapsed="2.579095"/>
</kw>
<doc>User need to create an account.</doc>
<tag>QAA-001</tag>
<tag>Smoke</tag>
<status status="PASS" start="2024-08-24T11:44:00.684024" elapsed="19.980909"/>
</test>
<status status="PASS" start="2024-08-24T11:44:00.281740" elapsed="20.389391"/>
</suite>
<statistics>
<total>
<stat pass="1" fail="0" skip="0">All Tests</stat>
</total>
<tag>
<stat pass="1" fail="0" skip="0">QAA-001</stat>
<stat pass="1" fail="0" skip="0">Smoke</stat>
</tag>
<suite>
<stat pass="1" fail="0" skip="0" id="s1" name="Account">Account</stat>
</suite>
</statistics>
<errors>
<msg time="2024-08-24T11:44:01.536577" level="WARN">The chromedriver version (126.0.6478.55) detected in PATH at C:\Users\new\AppData\Roaming\Microsoft\Windows\Start Menu\Programs\Python 3.12\chromedriver.exe might not be compatible with the detected chrome version (127.0.6533.122); currently, chromedriver 127.0.6533.119 is recommended for chrome 127.*, so it is advised to delete the driver in PATH and retry</msg>
</errors>
</robot>
